<?xml version="1.0" encoding="UTF-8"?>
<Site BuildName="(empty)"
	BuildStamp="20220906-0539-Experimental"
	Name="(empty)"
	Generator="ctest-3.22.1"
	CompilerName=""
	CompilerVersion=""
	OSName="Linux"
	Hostname="LAPTOP-IQ8G0K6B"
	OSRelease="5.10.16.3-microsoft-standard-WSL2"
	OSVersion="#1 SMP Fri Apr 2 22:23:49 UTC 2021"
	OSPlatform="x86_64"
	Is64Bits="1"
	VendorString="GenuineIntel"
	VendorID="Intel Corporation"
	FamilyID="6"
	ModelID="142"
	ProcessorCacheSize="8192"
	NumberOfLogicalCPU="8"
	NumberOfPhysicalCPU="4"
	TotalVirtualMemory="2048"
	TotalPhysicalMemory="5832"
	LogicalProcessorsPerPhysical="2"
	ProcessorClockFrequency="2304.01"
	>
	<Testing>
		<StartDateTime>Sep 06 00:16 MDT</StartDateTime>
		<StartTestTime>1662444991</StartTestTime>
		<TestList>
			<Test>./tests/deq_tests</Test>
		</TestList>
		<Test Status="passed">
			<Name>deq_tests</Name>
			<Path>./tests</Path>
			<FullName>./tests/deq_tests</FullName>
			<FullCommandLine>/root/453-OperatingSystems/hw1/build/tests/deq_tests</FullCommandLine>
			<Results>
				<NamedMeasurement type="numeric/double" name="Execution Time">
					<Value>0.0032965</Value>
				</NamedMeasurement>
				<NamedMeasurement type="numeric/double" name="Processors">
					<Value>1</Value>
				</NamedMeasurement>
				<NamedMeasurement type="text/string" name="Completion Status">
					<Value>Completed</Value>
				</NamedMeasurement>
				<NamedMeasurement type="text/string" name="Command Line">
					<Value>/root/453-OperatingSystems/hw1/build/tests/deq_tests</Value>
				</NamedMeasurement>
				<NamedMeasurement type="text/string" name="Environment">
					<Value>#CTEST_RESOURCE_GROUP_COUNT=</Value>
				</NamedMeasurement>
				<Measurement>
					<Value encoding="base64" compression="gzip">eJyNkE1PwzAMhu/9FT6uh7YbH0cOSKAdkBhqxamqotCZLlLilMSlGr+eZp0qytjEe3Lsx69j5x2RogaMVLSI4d1ZA5mzlrOb2+tk06KTPNSLvWc0Ptv1q6yxttHI6Pln6F2dNSESwSqt66i8m1RBfpxzBYHx46DV4QG+U4xpVCaTKlhr+yb1WEf6VM6SQRpY5KRrf8Ez0y1+RCXkr89wUBUSqSLFSmr1hQJNy3uhlecBG7V5uoTBYgnGx6emoSh6xTthaWjQGH54avonNple2mOEgC1LHUf/OxCjdMnW9jS//9m7g5OUzgcNG7zcF8XjQ1j02JhG3+MNsNQ=</Value>
				</Measurement>
			</Results>
		</Test>
		<EndDateTime>Sep 06 00:16 MDT</EndDateTime>
		<EndTestTime>1662444991</EndTestTime>
		<ElapsedMinutes>0</ElapsedMinutes>
	</Testing>
</Site>
