Start testing: Sep 06 00:16 MDT
----------------------------------------------------------
1/1 Testing: deq_tests
1/1 Test: deq_tests
Command: "/root/453-OperatingSystems/hw1/build/tests/deq_tests"
Directory: /root/453-OperatingSystems/hw1/build/tests
"deq_tests" start time: Sep 06 00:16 MDT
Output:
----------------------------------------------------------
Running main() from /root/453-OperatingSystems/hw1/googletest/googletest/src/gtest_main.cc
[==========] Running 2 tests from 1 test suite.
[----------] Global test environment set-up.
[----------] 2 tests from deq
[ RUN      ] deq.initialize_empty_list
[       OK ] deq.initialize_empty_list (0 ms)
[ RUN      ] deq.list_with_one_element
[       OK ] deq.list_with_one_element (0 ms)
[----------] 2 tests from deq (0 ms total)

[----------] Global test environment tear-down
[==========] 2 tests from 1 test suite ran. (0 ms total)
[  PASSED  ] 2 tests.
<end of output>
Test time =   0.00 sec
----------------------------------------------------------
Test Passed.
"deq_tests" end time: Sep 06 00:16 MDT
"deq_tests" time elapsed: 00:00:00
----------------------------------------------------------

End testing: Sep 06 00:16 MDT
