Start testing: Sep 07 15:35 MDT
----------------------------------------------------------
1/1 Testing: deq_tests
1/1 Test: deq_tests
Command: "/root/453-OperatingSystems/hw1/build/tests/deq_tests"
Directory: /root/453-OperatingSystems/hw1/build/tests
"deq_tests" start time: Sep 07 15:35 MDT
Output:
----------------------------------------------------------
Running main() from /root/453-OperatingSystems/hw1/googletest/googletest/src/gtest_main.cc
[==========] Running 4 tests from 1 test suite.
[----------] Global test environment set-up.
[----------] 4 tests from deq
[ RUN      ] deq.initialize_empty_list
[       OK ] deq.initialize_empty_list (0 ms)
[ RUN      ] deq.list_with_one_element
[       OK ] deq.list_with_one_element (0 ms)
[ RUN      ] deq.insert_to_head
[       OK ] deq.insert_to_head (0 ms)
[ RUN      ] deq.ith_term_with_empty_list
/root/453-OperatingSystems/hw1/deq.c:81: error: IndexOutOfBoundsException: Index: 0, Size: 0

<end of output>
Test time =   0.00 sec
----------------------------------------------------------
Test Failed.
"deq_tests" end time: Sep 07 15:35 MDT
"deq_tests" time elapsed: 00:00:00
----------------------------------------------------------

End testing: Sep 07 15:35 MDT
