<?xml version="1.0" encoding="UTF-8"?>
<Site BuildName="(empty)"
	BuildStamp="20220907-2129-Experimental"
	Name="(empty)"
	Generator="ctest-3.22.1"
	CompilerName=""
	CompilerVersion=""
	OSName="Linux"
	Hostname="LAPTOP-IQ8G0K6B"
	OSRelease="5.10.16.3-microsoft-standard-WSL2"
	OSVersion="#1 SMP Fri Apr 2 22:23:49 UTC 2021"
	OSPlatform="x86_64"
	Is64Bits="1"
	VendorString="GenuineIntel"
	VendorID="Intel Corporation"
	FamilyID="6"
	ModelID="142"
	ProcessorCacheSize="8192"
	NumberOfLogicalCPU="8"
	NumberOfPhysicalCPU="4"
	TotalVirtualMemory="2048"
	TotalPhysicalMemory="5832"
	LogicalProcessorsPerPhysical="2"
	ProcessorClockFrequency="2304.01"
	>
	<Testing>
		<StartDateTime>Sep 07 15:35 MDT</StartDateTime>
		<StartTestTime>1662586505</StartTestTime>
		<TestList>
			<Test>./tests/deq_tests</Test>
		</TestList>
		<Test Status="failed">
			<Name>deq_tests</Name>
			<Path>./tests</Path>
			<FullName>./tests/deq_tests</FullName>
			<FullCommandLine>/root/453-OperatingSystems/hw1/build/tests/deq_tests</FullCommandLine>
			<Results>
				<NamedMeasurement type="text/string" name="Exit Code">
					<Value>Failed</Value>
				</NamedMeasurement>
				<NamedMeasurement type="text/string" name="Exit Value">
					<Value>1</Value>
				</NamedMeasurement>
				<NamedMeasurement type="numeric/double" name="Execution Time">
					<Value>0.0019324</Value>
				</NamedMeasurement>
				<NamedMeasurement type="numeric/double" name="Processors">
					<Value>1</Value>
				</NamedMeasurement>
				<NamedMeasurement type="text/string" name="Completion Status">
					<Value>Completed</Value>
				</NamedMeasurement>
				<NamedMeasurement type="text/string" name="Command Line">
					<Value>/root/453-OperatingSystems/hw1/build/tests/deq_tests</Value>
				</NamedMeasurement>
				<NamedMeasurement type="text/string" name="Environment">
					<Value>#CTEST_RESOURCE_GROUP_COUNT=</Value>
				</NamedMeasurement>
				<Measurement>
					<Value encoding="base64" compression="gzip">eJyFUctqwzAQvPsr9phAE8c0hWLopVBKKdTg0FMIwrU3tkBaudK6Sfr1leIQ3ObROa12ZmdWUt4RSapBF5JGY1hboyG2xnA8v7udZC3agj2/2DlG7eJmk8S1MbVCRsfD0tkyrkMlgtW0LKPlwxEryA85cwga1wcl+wO4TjJOo+XkiBU8K/NRqJ5H+pLWkEbyWuRJ1/4R/zKt8DNaQv7+BnusQmMqSbIslPxGgbrlnVDSsZf1yF6vyWA0A+3Gp6aBFBvJjTDkBxSGDU9Nz8oumkpyaFmwEQ0W1bkVh/xlGx/HaHUfPLjzP58bZsv0PkkBrTU2hReqcJt1nK0fTUeVe9qW2LI0dKBSmN3Awr+YL6LoB9mfwO8=</Value>
				</Measurement>
			</Results>
		</Test>
		<EndDateTime>Sep 07 15:35 MDT</EndDateTime>
		<EndTestTime>1662586505</EndTestTime>
		<ElapsedMinutes>0</ElapsedMinutes>
	</Testing>
</Site>
